[64941] 18 Nov 15:04:43.547 # Warning: no config file specified, using the default config. In order to specify a config file use redis-server /path/to/redis.conf
[64941] 18 Nov 15:04:43.551 * Max number of open files set to 10032
                _._                                                  
           _.-``__ ''-._                                             
      _.-``    `.  `_.  ''-._           Redis 2.6.11 (00000000/0) 64 bit
  .-`` .-```.  ```\/    _.,_ ''-._                                   
 (    '      ,       .-`  | `,    )     Running in stand alone mode
 |`-._`-...-` __...-.``-._|'` _.-'|     Port: 6379
 |    `-._   `._    /     _.-'    |     PID: 64941
  `-._    `-._  `-./  _.-'    _.-'                                   
 |`-._`-._    `-.__.-'    _.-'_.-'|                                  
 |    `-._`-._        _.-'_.-'    |           http://redis.io        
  `-._    `-._`-.__.-'_.-'    _.-'                                   
 |`-._`-._    `-.__.-'    _.-'_.-'|                                  
 |    `-._`-._        _.-'_.-'    |                                  
  `-._    `-._`-.__.-'_.-'    _.-'                                   
      `-._    `-.__.-'    _.-'                                       
          `-._        _.-'                                           
              `-.__.-'                                               

[64941] 18 Nov 15:04:43.557 # Server started, Redis version 2.6.11
[64941] 18 Nov 15:04:43.557 * The server is now ready to accept connections on port 6379
[64941] 19 Nov 09:30:39.370 * 1 changes in 3600 seconds. Saving...
[64941] 19 Nov 09:30:39.376 * Background saving started by pid 67096
[67096] 19 Nov 09:30:39.379 * DB saved on disk
[64941] 19 Nov 09:30:39.477 * Background saving terminated with success
[64941] 19 Nov 09:55:23.594 * 100 changes in 300 seconds. Saving...
[64941] 19 Nov 09:55:23.594 * Background saving started by pid 68019
[68019] 19 Nov 09:55:23.595 * DB saved on disk
[64941] 19 Nov 09:55:23.695 * Background saving terminated with success
